<?xml version="1.0" encoding="UTF-8" ?>
<testsuite failures="0" time="1.023" errors="0" skipped="0" tests="5" name="org.wso2.uima.collectionProccesingEngine.reader.TwitterActiveMQReaderTest">
  <properties>
[...]
</properties>
  <testcase time="0.002" classname="org.wso2.uima.collectionProccesingEngine.reader.TwitterActiveMQReaderTest" name="testGetNext"/>
  <testcase time="0" classname="org.wso2.uima.collectionProccesingEngine.reader.TwitterActiveMQReaderTest" name="testHasNext"/>
  <testcase time="0" classname="org.wso2.uima.collectionProccesingEngine.reader.TwitterActiveMQReaderTest" name="testGetProgress"/>
  <testcase time="0" classname="org.wso2.uima.collectionProccesingEngine.reader.TwitterActiveMQReaderTest" name="testClose"/>
  <testcase time="0.997" classname="org.wso2.uima.collectionProccesingEngine.reader.TwitterActiveMQReaderTest" name="testInitialize"/>
</testsuite>